{"level":"info","timestamp":"2025-06-17T16:33:31.503+0800","caller":"initialize/InitLogger.go:25","msg":"Logger initialized","app":"my-app","version":"1.0.0","env":"production","log_file":"./log/app.log"}
{"level":"error","timestamp":"2025-06-17T16:33:31.503+0800","caller":"initialize/InitLogger.go:30","msg":"Example error","app":"my-app","version":"1.0.0","env":"production","retry_after":5,"stacktrace":"go-web/initialize.InitLogger\n\t/Users/wanghao/Desktop/my_code/ys_go/go_web/initialize/InitLogger.go:30\nmain.main\n\t/Users/wanghao/Desktop/my_code/ys_go/go_web/main.go:14\nruntime.main\n\t/usr/local/go/src/runtime/proc.go:283"}
{"level":"info","timestamp":"2025-06-17T21:14:39.061+0800","caller":"initialize/logger.go:25","msg":"Logger initialized","env":"production","app":"my-app","version":"1.0.0","log_file":"./log/app.log"}
{"level":"error","timestamp":"2025-06-17T21:14:39.065+0800","caller":"initialize/logger.go:30","msg":"Example error","env":"production","app":"my-app","version":"1.0.0","retry_after":5,"stacktrace":"go_web_test1/initialize.InitLogger\n\tD:/work/go_web_test1/initialize/logger.go:30\nmain.main\n\tD:/work/go_web_test1/main.go:14\nruntime.main\n\tC:/Program Files/Go/src/runtime/proc.go:283"}
{"level":"info","timestamp":"2025-06-17T21:19:47.069+0800","caller":"initialize/logger.go:25","msg":"Logger initialized","app":"my-app","version":"1.0.0","env":"production","log_file":"./log/app.log"}
{"level":"error","timestamp":"2025-06-17T21:19:47.074+0800","caller":"initialize/logger.go:30","msg":"Example error","app":"my-app","version":"1.0.0","env":"production","retry_after":5,"stacktrace":"go_web_test1/initialize.InitLogger\n\tD:/work/go_web_test1/initialize/logger.go:30\nmain.main\n\tD:/work/go_web_test1/main.go:14\nruntime.main\n\tC:/Program Files/Go/src/runtime/proc.go:283"}
{"level":"info","timestamp":"2025-06-17T21:20:40.959+0800","caller":"initialize/logger.go:25","msg":"Logger initialized","version":"1.0.0","env":"production","app":"my-app","log_file":"./log/app.log"}
{"level":"error","timestamp":"2025-06-17T21:20:40.964+0800","caller":"initialize/logger.go:30","msg":"Example error","version":"1.0.0","env":"production","app":"my-app","retry_after":5,"stacktrace":"go_web_test1/initialize.InitLogger\n\tD:/work/go_web_test1/initialize/logger.go:30\nmain.main\n\tD:/work/go_web_test1/main.go:14\nruntime.main\n\tC:/Program Files/Go/src/runtime/proc.go:283"}
{"level":"info","timestamp":"2025-06-17T21:22:18.723+0800","caller":"initialize/logger.go:25","msg":"Logger initialized","app":"my-app","version":"1.0.0","env":"production","log_file":"./log/app.log"}
{"level":"error","timestamp":"2025-06-17T21:22:18.728+0800","caller":"initialize/logger.go:30","msg":"Example error","app":"my-app","version":"1.0.0","env":"production","retry_after":5,"stacktrace":"go_web_test1/initialize.InitLogger\n\tD:/work/go_web_test1/initialize/logger.go:30\nmain.main\n\tD:/work/go_web_test1/main.go:14\nruntime.main\n\tC:/Program Files/Go/src/runtime/proc.go:283"}
{"level":"info","timestamp":"2025-06-17T21:31:01.599+0800","caller":"initialize/logger.go:25","msg":"Logger initialized","app":"my-app","version":"1.0.0","env":"production","log_file":"./log/app.log"}
{"level":"error","timestamp":"2025-06-17T21:31:01.604+0800","caller":"initialize/logger.go:30","msg":"Example error","app":"my-app","version":"1.0.0","env":"production","retry_after":5,"stacktrace":"go_web_test1/initialize.InitLogger\n\tD:/work/go_web_test1/initialize/logger.go:30\nmain.main\n\tD:/work/go_web_test1/main.go:14\nruntime.main\n\tC:/Program Files/Go/src/runtime/proc.go:283"}
{"level":"info","timestamp":"2025-06-17T21:31:28.794+0800","caller":"initialize/logger.go:25","msg":"Logger initialized","app":"my-app","version":"1.0.0","env":"production","log_file":"./log/app.log"}
{"level":"error","timestamp":"2025-06-17T21:31:28.801+0800","caller":"initialize/logger.go:30","msg":"Example error","app":"my-app","version":"1.0.0","env":"production","retry_after":5,"stacktrace":"go_web_test1/initialize.InitLogger\n\tD:/work/go_web_test1/initialize/logger.go:30\nmain.main\n\tD:/work/go_web_test1/main.go:14\nruntime.main\n\tC:/Program Files/Go/src/runtime/proc.go:283"}
{"level":"info","timestamp":"2025-06-17T21:31:32.048+0800","caller":"initialize/logger.go:25","msg":"Logger initialized","version":"1.0.0","env":"production","app":"my-app","log_file":"./log/app.log"}
{"level":"error","timestamp":"2025-06-17T21:31:32.053+0800","caller":"initialize/logger.go:30","msg":"Example error","version":"1.0.0","env":"production","app":"my-app","retry_after":5,"stacktrace":"go_web_test1/initialize.InitLogger\n\tD:/work/go_web_test1/initialize/logger.go:30\nmain.main\n\tD:/work/go_web_test1/main.go:14\nruntime.main\n\tC:/Program Files/Go/src/runtime/proc.go:283"}
{"level":"info","timestamp":"2025-06-17T21:31:35.942+0800","caller":"initialize/logger.go:25","msg":"Logger initialized","app":"my-app","version":"1.0.0","env":"production","log_file":"./log/app.log"}
{"level":"error","timestamp":"2025-06-17T21:31:35.948+0800","caller":"initialize/logger.go:30","msg":"Example error","app":"my-app","version":"1.0.0","env":"production","retry_after":5,"stacktrace":"go_web_test1/initialize.InitLogger\n\tD:/work/go_web_test1/initialize/logger.go:30\nmain.main\n\tD:/work/go_web_test1/main.go:14\nruntime.main\n\tC:/Program Files/Go/src/runtime/proc.go:283"}
{"level":"info","timestamp":"2025-06-17T21:31:40.392+0800","caller":"initialize/logger.go:25","msg":"Logger initialized","app":"my-app","version":"1.0.0","env":"production","log_file":"./log/app.log"}
{"level":"error","timestamp":"2025-06-17T21:31:40.397+0800","caller":"initialize/logger.go:30","msg":"Example error","app":"my-app","version":"1.0.0","env":"production","retry_after":5,"stacktrace":"go_web_test1/initialize.InitLogger\n\tD:/work/go_web_test1/initialize/logger.go:30\nmain.main\n\tD:/work/go_web_test1/main.go:14\nruntime.main\n\tC:/Program Files/Go/src/runtime/proc.go:283"}
{"level":"info","timestamp":"2025-06-17T21:31:44.787+0800","caller":"initialize/logger.go:25","msg":"Logger initialized","app":"my-app","version":"1.0.0","env":"production","log_file":"./log/app.log"}
{"level":"error","timestamp":"2025-06-17T21:31:44.792+0800","caller":"initialize/logger.go:30","msg":"Example error","app":"my-app","version":"1.0.0","env":"production","retry_after":5,"stacktrace":"go_web_test1/initialize.InitLogger\n\tD:/work/go_web_test1/initialize/logger.go:30\nmain.main\n\tD:/work/go_web_test1/main.go:14\nruntime.main\n\tC:/Program Files/Go/src/runtime/proc.go:283"}
{"level":"info","timestamp":"2025-06-17T21:31:51.529+0800","caller":"initialize/logger.go:25","msg":"Logger initialized","app":"my-app","version":"1.0.0","env":"production","log_file":"./log/app.log"}
{"level":"error","timestamp":"2025-06-17T21:31:51.534+0800","caller":"initialize/logger.go:30","msg":"Example error","app":"my-app","version":"1.0.0","env":"production","retry_after":5,"stacktrace":"go_web_test1/initialize.InitLogger\n\tD:/work/go_web_test1/initialize/logger.go:30\nmain.main\n\tD:/work/go_web_test1/main.go:14\nruntime.main\n\tC:/Program Files/Go/src/runtime/proc.go:283"}
{"level":"info","timestamp":"2025-06-17T21:31:51.997+0800","caller":"initialize/logger.go:25","msg":"Logger initialized","app":"my-app","version":"1.0.0","env":"production","log_file":"./log/app.log"}
{"level":"error","timestamp":"2025-06-17T21:31:52.001+0800","caller":"initialize/logger.go:30","msg":"Example error","app":"my-app","version":"1.0.0","env":"production","retry_after":5,"stacktrace":"go_web_test1/initialize.InitLogger\n\tD:/work/go_web_test1/initialize/logger.go:30\nmain.main\n\tD:/work/go_web_test1/main.go:14\nruntime.main\n\tC:/Program Files/Go/src/runtime/proc.go:283"}
{"level":"info","timestamp":"2025-06-17T21:31:57.695+0800","caller":"initialize/logger.go:25","msg":"Logger initialized","env":"production","app":"my-app","version":"1.0.0","log_file":"./log/app.log"}
{"level":"error","timestamp":"2025-06-17T21:31:57.700+0800","caller":"initialize/logger.go:30","msg":"Example error","env":"production","app":"my-app","version":"1.0.0","retry_after":5,"stacktrace":"go_web_test1/initialize.InitLogger\n\tD:/work/go_web_test1/initialize/logger.go:30\nmain.main\n\tD:/work/go_web_test1/main.go:14\nruntime.main\n\tC:/Program Files/Go/src/runtime/proc.go:283"}
{"level":"info","timestamp":"2025-06-17T21:33:10.560+0800","caller":"initialize/logger.go:25","msg":"Logger initialized","app":"my-app","version":"1.0.0","env":"production","log_file":"./log/app.log"}
{"level":"error","timestamp":"2025-06-17T21:33:10.565+0800","caller":"initialize/logger.go:30","msg":"Example error","app":"my-app","version":"1.0.0","env":"production","retry_after":5,"stacktrace":"go_web_test1/initialize.InitLogger\n\tD:/work/go_web_test1/initialize/logger.go:30\nmain.main\n\tD:/work/go_web_test1/main.go:14\nruntime.main\n\tC:/Program Files/Go/src/runtime/proc.go:283"}
{"level":"info","timestamp":"2025-06-17T21:33:17.706+0800","caller":"initialize/logger.go:25","msg":"Logger initialized","app":"my-app","version":"1.0.0","env":"production","log_file":"./log/app.log"}
{"level":"error","timestamp":"2025-06-17T21:33:17.711+0800","caller":"initialize/logger.go:30","msg":"Example error","app":"my-app","version":"1.0.0","env":"production","retry_after":5,"stacktrace":"go_web_test1/initialize.InitLogger\n\tD:/work/go_web_test1/initialize/logger.go:30\nmain.main\n\tD:/work/go_web_test1/main.go:14\nruntime.main\n\tC:/Program Files/Go/src/runtime/proc.go:283"}
{"level":"info","timestamp":"2025-06-17T21:33:52.661+0800","caller":"initialize/logger.go:25","msg":"Logger initialized","app":"my-app","version":"1.0.0","env":"production","log_file":"./log/app.log"}
{"level":"error","timestamp":"2025-06-17T21:33:52.666+0800","caller":"initialize/logger.go:30","msg":"Example error","app":"my-app","version":"1.0.0","env":"production","retry_after":5,"stacktrace":"go_web_test1/initialize.InitLogger\n\tD:/work/go_web_test1/initialize/logger.go:30\nmain.main\n\tD:/work/go_web_test1/main.go:14\nruntime.main\n\tC:/Program Files/Go/src/runtime/proc.go:283"}
{"level":"info","timestamp":"2025-06-17T21:34:11.041+0800","caller":"initialize/logger.go:25","msg":"Logger initialized","version":"1.0.0","env":"production","app":"my-app","log_file":"./log/app.log"}
{"level":"error","timestamp":"2025-06-17T21:34:11.046+0800","caller":"initialize/logger.go:30","msg":"Example error","version":"1.0.0","env":"production","app":"my-app","retry_after":5,"stacktrace":"go_web_test1/initialize.InitLogger\n\tD:/work/go_web_test1/initialize/logger.go:30\nmain.main\n\tD:/work/go_web_test1/main.go:14\nruntime.main\n\tC:/Program Files/Go/src/runtime/proc.go:283"}
{"level":"info","timestamp":"2025-06-17T21:34:25.206+0800","caller":"initialize/logger.go:25","msg":"Logger initialized","app":"my-app","version":"1.0.0","env":"production","log_file":"./log/app.log"}
{"level":"error","timestamp":"2025-06-17T21:34:25.211+0800","caller":"initialize/logger.go:30","msg":"Example error","app":"my-app","version":"1.0.0","env":"production","retry_after":5,"stacktrace":"go_web_test1/initialize.InitLogger\n\tD:/work/go_web_test1/initialize/logger.go:30\nmain.main\n\tD:/work/go_web_test1/main.go:14\nruntime.main\n\tC:/Program Files/Go/src/runtime/proc.go:283"}
{"level":"info","timestamp":"2025-06-17T21:34:36.299+0800","caller":"initialize/logger.go:25","msg":"Logger initialized","app":"my-app","version":"1.0.0","env":"production","log_file":"./log/app.log"}
{"level":"error","timestamp":"2025-06-17T21:34:36.307+0800","caller":"initialize/logger.go:30","msg":"Example error","app":"my-app","version":"1.0.0","env":"production","retry_after":5,"stacktrace":"go_web_test1/initialize.InitLogger\n\tD:/work/go_web_test1/initialize/logger.go:30\nmain.main\n\tD:/work/go_web_test1/main.go:14\nruntime.main\n\tC:/Program Files/Go/src/runtime/proc.go:283"}
{"level":"info","timestamp":"2025-06-17T21:34:44.073+0800","caller":"initialize/logger.go:25","msg":"Logger initialized","app":"my-app","version":"1.0.0","env":"production","log_file":"./log/app.log"}
{"level":"error","timestamp":"2025-06-17T21:34:44.078+0800","caller":"initialize/logger.go:30","msg":"Example error","app":"my-app","version":"1.0.0","env":"production","retry_after":5,"stacktrace":"go_web_test1/initialize.InitLogger\n\tD:/work/go_web_test1/initialize/logger.go:30\nmain.main\n\tD:/work/go_web_test1/main.go:14\nruntime.main\n\tC:/Program Files/Go/src/runtime/proc.go:283"}
{"level":"info","timestamp":"2025-06-17T21:34:48.796+0800","caller":"initialize/logger.go:25","msg":"Logger initialized","app":"my-app","version":"1.0.0","env":"production","log_file":"./log/app.log"}
{"level":"error","timestamp":"2025-06-17T21:34:48.800+0800","caller":"initialize/logger.go:30","msg":"Example error","app":"my-app","version":"1.0.0","env":"production","retry_after":5,"stacktrace":"go_web_test1/initialize.InitLogger\n\tD:/work/go_web_test1/initialize/logger.go:30\nmain.main\n\tD:/work/go_web_test1/main.go:14\nruntime.main\n\tC:/Program Files/Go/src/runtime/proc.go:283"}
{"level":"info","timestamp":"2025-06-17T21:34:50.177+0800","caller":"initialize/logger.go:25","msg":"Logger initialized","version":"1.0.0","env":"production","app":"my-app","log_file":"./log/app.log"}
{"level":"error","timestamp":"2025-06-17T21:34:50.182+0800","caller":"initialize/logger.go:30","msg":"Example error","version":"1.0.0","env":"production","app":"my-app","retry_after":5,"stacktrace":"go_web_test1/initialize.InitLogger\n\tD:/work/go_web_test1/initialize/logger.go:30\nmain.main\n\tD:/work/go_web_test1/main.go:14\nruntime.main\n\tC:/Program Files/Go/src/runtime/proc.go:283"}
{"level":"info","timestamp":"2025-06-17T21:35:06.399+0800","caller":"initialize/logger.go:25","msg":"Logger initialized","app":"my-app","version":"1.0.0","env":"production","log_file":"./log/app.log"}
{"level":"error","timestamp":"2025-06-17T21:35:06.404+0800","caller":"initialize/logger.go:30","msg":"Example error","app":"my-app","version":"1.0.0","env":"production","retry_after":5,"stacktrace":"go_web_test1/initialize.InitLogger\n\tD:/work/go_web_test1/initialize/logger.go:30\nmain.main\n\tD:/work/go_web_test1/main.go:14\nruntime.main\n\tC:/Program Files/Go/src/runtime/proc.go:283"}
{"level":"info","timestamp":"2025-06-17T21:36:26.262+0800","caller":"initialize/logger.go:25","msg":"Logger initialized","app":"my-app","version":"1.0.0","env":"production","log_file":"./log/app.log"}
{"level":"error","timestamp":"2025-06-17T21:36:26.267+0800","caller":"initialize/logger.go:30","msg":"Example error","app":"my-app","version":"1.0.0","env":"production","retry_after":5,"stacktrace":"go_web_test1/initialize.InitLogger\n\tD:/work/go_web_test1/initialize/logger.go:30\nmain.main\n\tD:/work/go_web_test1/main.go:14\nruntime.main\n\tC:/Program Files/Go/src/runtime/proc.go:283"}
{"level":"info","timestamp":"2025-06-17T21:36:51.017+0800","caller":"initialize/logger.go:25","msg":"Logger initialized","app":"my-app","version":"1.0.0","env":"production","log_file":"./log/app.log"}
{"level":"error","timestamp":"2025-06-17T21:36:51.022+0800","caller":"initialize/logger.go:30","msg":"Example error","app":"my-app","version":"1.0.0","env":"production","retry_after":5,"stacktrace":"go_web_test1/initialize.InitLogger\n\tD:/work/go_web_test1/initialize/logger.go:30\nmain.main\n\tD:/work/go_web_test1/main.go:14\nruntime.main\n\tC:/Program Files/Go/src/runtime/proc.go:283"}
{"level":"info","timestamp":"2025-06-17T21:37:15.912+0800","caller":"initialize/logger.go:25","msg":"Logger initialized","app":"my-app","version":"1.0.0","env":"production","log_file":"./log/app.log"}
{"level":"error","timestamp":"2025-06-17T21:37:15.917+0800","caller":"initialize/logger.go:30","msg":"Example error","app":"my-app","version":"1.0.0","env":"production","retry_after":5,"stacktrace":"go_web_test1/initialize.InitLogger\n\tD:/work/go_web_test1/initialize/logger.go:30\nmain.main\n\tD:/work/go_web_test1/main.go:14\nruntime.main\n\tC:/Program Files/Go/src/runtime/proc.go:283"}
{"level":"info","timestamp":"2025-06-17T21:38:37.626+0800","caller":"initialize/logger.go:25","msg":"Logger initialized","app":"my-app","version":"1.0.0","env":"production","log_file":"./log/app.log"}
{"level":"error","timestamp":"2025-06-17T21:38:37.631+0800","caller":"initialize/logger.go:30","msg":"Example error","app":"my-app","version":"1.0.0","env":"production","retry_after":5,"stacktrace":"go_web_test1/initialize.InitLogger\n\tD:/work/go_web_test1/initialize/logger.go:30\nmain.main\n\tD:/work/go_web_test1/main.go:14\nruntime.main\n\tC:/Program Files/Go/src/runtime/proc.go:283"}
{"level":"info","timestamp":"2025-06-17T21:38:57.045+0800","caller":"initialize/logger.go:25","msg":"Logger initialized","app":"my-app","version":"1.0.0","env":"production","log_file":"./log/app.log"}
{"level":"error","timestamp":"2025-06-17T21:38:57.051+0800","caller":"initialize/logger.go:30","msg":"Example error","app":"my-app","version":"1.0.0","env":"production","retry_after":5,"stacktrace":"go_web_test1/initialize.InitLogger\n\tD:/work/go_web_test1/initialize/logger.go:30\nmain.main\n\tD:/work/go_web_test1/main.go:14\nruntime.main\n\tC:/Program Files/Go/src/runtime/proc.go:283"}
